2021-09-16 14:56:49.814 INFO  7916 --- [restartedMain] com.example.demo.DemoApplication - Starting DemoApplication using Java 1.8.0_241 on KS-SHA-LP140204 with PID 7916 (C:\Users\zeng.yang\Desktop\demo\target\classes started by zeng.yang in C:\Users\zeng.yang\Desktop\demo)
2021-09-16 14:56:49.948 INFO  7916 --- [restartedMain] com.example.demo.DemoApplication - No active profile set, falling back to default profiles: default
2021-09-16 14:56:50.065 INFO  7916 --- [restartedMain] o.s.boot.devtools.restart.ChangeableUrls - The Class-Path manifest attribute in C:\Maven\repository\com\oracle\database\jdbc\ojdbc8\21.1.0.0\ojdbc8-21.1.0.0.jar referenced one or more files that do not exist: file:/C:/Maven/repository/com/oracle/database/jdbc/ojdbc8/21.1.0.0/oraclepki.jar
2021-09-16 14:56:50.066 INFO  7916 --- [restartedMain] o.s.b.d.env.DevToolsPropertyDefaultsPostProcessor - Devtools property defaults active! Set 'spring.devtools.add-properties' to 'false' to disable
2021-09-16 14:56:50.066 INFO  7916 --- [restartedMain] o.s.b.d.env.DevToolsPropertyDefaultsPostProcessor - For additional web related logging consider setting the 'logging.level.web' property to 'DEBUG'
2021-09-16 14:56:51.976 INFO  7916 --- [restartedMain] o.s.d.r.config.RepositoryConfigurationDelegate - Multiple Spring Data modules found, entering strict repository configuration mode!
2021-09-16 14:56:51.980 INFO  7916 --- [restartedMain] o.s.d.r.config.RepositoryConfigurationDelegate - Bootstrapping Spring Data MongoDB repositories in DEFAULT mode.
2021-09-16 14:56:52.052 INFO  7916 --- [restartedMain] o.s.d.r.config.RepositoryConfigurationDelegate - Finished Spring Data repository scanning in 64 ms. Found 0 MongoDB repository interfaces.
2021-09-16 14:56:52.076 INFO  7916 --- [restartedMain] o.s.d.r.config.RepositoryConfigurationDelegate - Multiple Spring Data modules found, entering strict repository configuration mode!
2021-09-16 14:56:52.079 INFO  7916 --- [restartedMain] o.s.d.r.config.RepositoryConfigurationDelegate - Bootstrapping Spring Data Redis repositories in DEFAULT mode.
2021-09-16 14:56:52.111 INFO  7916 --- [restartedMain] o.s.d.r.config.RepositoryConfigurationDelegate - Finished Spring Data repository scanning in 16 ms. Found 0 Redis repository interfaces.
2021-09-16 14:56:53.938 INFO  7916 --- [restartedMain] o.s.boot.web.embedded.tomcat.TomcatWebServer - Tomcat initialized with port(s): 8080 (http)
2021-09-16 14:56:53.957 INFO  7916 --- [restartedMain] org.apache.coyote.http11.Http11NioProtocol - Initializing ProtocolHandler ["http-nio-8080"]
2021-09-16 14:56:53.958 INFO  7916 --- [restartedMain] org.apache.catalina.core.StandardService - Starting service [Tomcat]
2021-09-16 14:56:53.959 INFO  7916 --- [restartedMain] org.apache.catalina.core.StandardEngine - Starting Servlet engine: [Apache Tomcat/9.0.52]
2021-09-16 14:56:54.324 INFO  7916 --- [restartedMain] o.a.c.core.ContainerBase.[Tomcat].[localhost].[/] - Initializing Spring embedded WebApplicationContext
2021-09-16 14:56:54.324 INFO  7916 --- [restartedMain] o.s.b.w.s.c.ServletWebServerApplicationContext - Root WebApplicationContext: initialization completed in 4257 ms
2021-09-16 14:56:56.235 INFO  7916 --- [restartedMain] org.mongodb.driver.cluster - Cluster created with settings {hosts=[localhost:27017], mode=SINGLE, requiredClusterType=UNKNOWN, serverSelectionTimeout='30000 ms'}
2021-09-16 14:56:56.864 INFO  7916 --- [restartedMain] o.s.b.d.autoconfigure.OptionalLiveReloadServer - LiveReload server is running on port 35729
2021-09-16 14:56:56.886 INFO  7916 --- [restartedMain] org.apache.coyote.http11.Http11NioProtocol - Starting ProtocolHandler ["http-nio-8080"]
2021-09-16 14:56:56.916 INFO  7916 --- [restartedMain] o.s.boot.web.embedded.tomcat.TomcatWebServer - Tomcat started on port(s): 8080 (http) with context path ''
2021-09-16 14:56:56.942 INFO  7916 --- [restartedMain] com.example.demo.DemoApplication - Started DemoApplication in 7.956 seconds (JVM running for 9.365)
2021-09-16 14:56:57.409 INFO  7916 --- [cluster-ClusterId{value='6142eab8f24c020b11be213b', description='null'}-localhost:27017] org.mongodb.driver.cluster - Exception in monitor thread while connecting to server localhost:27017
com.mongodb.MongoSocketOpenException: Exception opening socket
	at com.mongodb.internal.connection.SocketStream.open(SocketStream.java:70)
	at com.mongodb.internal.connection.InternalStreamConnection.open(InternalStreamConnection.java:143)
	at com.mongodb.internal.connection.DefaultServerMonitor$ServerMonitorRunnable.lookupServerDescription(DefaultServerMonitor.java:188)
	at com.mongodb.internal.connection.DefaultServerMonitor$ServerMonitorRunnable.run(DefaultServerMonitor.java:144)
	at java.lang.Thread.run(Thread.java:748)
Caused by: java.net.ConnectException: Connection refused: connect
	at java.net.DualStackPlainSocketImpl.waitForConnect(Native Method)
	at java.net.DualStackPlainSocketImpl.socketConnect(DualStackPlainSocketImpl.java:85)
	at java.net.AbstractPlainSocketImpl.doConnect(AbstractPlainSocketImpl.java:350)
	at java.net.AbstractPlainSocketImpl.connectToAddress(AbstractPlainSocketImpl.java:206)
	at java.net.AbstractPlainSocketImpl.connect(AbstractPlainSocketImpl.java:188)
	at java.net.PlainSocketImpl.connect(PlainSocketImpl.java:172)
	at java.net.SocksSocketImpl.connect(SocksSocketImpl.java:392)
	at java.net.Socket.connect(Socket.java:606)
	at com.mongodb.internal.connection.SocketStreamHelper.initialize(SocketStreamHelper.java:107)
	at com.mongodb.internal.connection.SocketStream.initializeSocket(SocketStream.java:79)
	at com.mongodb.internal.connection.SocketStream.open(SocketStream.java:65)
	... 4 common frames omitted
2021-09-16 14:57:20.906 INFO  7916 --- [http-nio-8080-exec-1] com.example.demo.handle.MyListener - session id为：null
2021-09-16 14:57:20.908 INFO  7916 --- [http-nio-8080-exec-1] com.example.demo.handle.MyListener - request url为：http://localhost:8080/api/find
2021-09-16 14:57:20.926 INFO  7916 --- [http-nio-8080-exec-1] o.a.c.core.ContainerBase.[Tomcat].[localhost].[/] - Initializing Spring DispatcherServlet 'dispatcherServlet'
2021-09-16 14:57:20.926 INFO  7916 --- [http-nio-8080-exec-1] org.springframework.web.servlet.DispatcherServlet - Initializing Servlet 'dispatcherServlet'
2021-09-16 14:57:20.928 INFO  7916 --- [http-nio-8080-exec-1] org.springframework.web.servlet.DispatcherServlet - Completed initialization in 1 ms
2021-09-16 14:57:21.239 INFO  7916 --- [http-nio-8080-exec-1] com.alibaba.druid.pool.DruidDataSource - {dataSource-1} inited
2021-09-16 14:57:21.662 INFO  7916 --- [http-nio-8080-exec-1] com.example.demo.handle.MyListener - request end
2021-09-16 14:57:21.662 INFO  7916 --- [http-nio-8080-exec-1] com.example.demo.handle.MyListener - request域中保存的name值为：杨增
2021-09-16 14:57:21.730 INFO  7916 --- [http-nio-8080-exec-2] com.example.demo.handle.MyListener - session id为：null
2021-09-16 14:57:21.731 INFO  7916 --- [http-nio-8080-exec-2] com.example.demo.handle.MyListener - request url为：http://localhost:8080/favicon.ico
2021-09-16 14:57:21.742 WARN  7916 --- [http-nio-8080-exec-2] org.springframework.web.servlet.PageNotFound - No mapping for GET /favicon.ico
2021-09-16 14:57:22.075 INFO  7916 --- [http-nio-8080-exec-2] com.example.demo.handle.MyListener - request end
2021-09-16 14:57:22.076 INFO  7916 --- [http-nio-8080-exec-2] com.example.demo.handle.MyListener - request域中保存的name值为：杨增
2021-09-16 14:57:35.283 INFO  7916 --- [http-nio-8080-exec-3] com.example.demo.handle.MyListener - session id为：null
2021-09-16 14:57:35.284 INFO  7916 --- [http-nio-8080-exec-3] com.example.demo.handle.MyListener - request url为：http://localhost:8080/api/find
2021-09-16 14:57:35.293 INFO  7916 --- [http-nio-8080-exec-3] com.example.demo.handle.MyListener - request end
2021-09-16 14:57:35.294 INFO  7916 --- [http-nio-8080-exec-3] com.example.demo.handle.MyListener - request域中保存的name值为：杨增
2021-09-16 15:09:50.739 INFO  7636 --- [restartedMain] com.example.demo.DemoApplication - Starting DemoApplication using Java 1.8.0_241 on KS-SHA-LP140204 with PID 7636 (C:\Users\zeng.yang\Desktop\demo\target\classes started by zeng.yang in C:\Users\zeng.yang\Desktop\demo)
2021-09-16 15:09:50.743 INFO  7636 --- [restartedMain] com.example.demo.DemoApplication - No active profile set, falling back to default profiles: default
2021-09-16 15:09:50.841 INFO  7636 --- [restartedMain] o.s.boot.devtools.restart.ChangeableUrls - The Class-Path manifest attribute in C:\Maven\repository\com\oracle\database\jdbc\ojdbc8\21.1.0.0\ojdbc8-21.1.0.0.jar referenced one or more files that do not exist: file:/C:/Maven/repository/com/oracle/database/jdbc/ojdbc8/21.1.0.0/oraclepki.jar
2021-09-16 15:09:50.841 INFO  7636 --- [restartedMain] o.s.b.d.env.DevToolsPropertyDefaultsPostProcessor - Devtools property defaults active! Set 'spring.devtools.add-properties' to 'false' to disable
2021-09-16 15:09:50.841 INFO  7636 --- [restartedMain] o.s.b.d.env.DevToolsPropertyDefaultsPostProcessor - For additional web related logging consider setting the 'logging.level.web' property to 'DEBUG'
2021-09-16 15:09:52.311 INFO  7636 --- [restartedMain] o.s.d.r.config.RepositoryConfigurationDelegate - Multiple Spring Data modules found, entering strict repository configuration mode!
2021-09-16 15:09:52.317 INFO  7636 --- [restartedMain] o.s.d.r.config.RepositoryConfigurationDelegate - Bootstrapping Spring Data MongoDB repositories in DEFAULT mode.
2021-09-16 15:09:52.358 INFO  7636 --- [restartedMain] o.s.d.r.config.RepositoryConfigurationDelegate - Finished Spring Data repository scanning in 32 ms. Found 0 MongoDB repository interfaces.
2021-09-16 15:09:52.389 INFO  7636 --- [restartedMain] o.s.d.r.config.RepositoryConfigurationDelegate - Multiple Spring Data modules found, entering strict repository configuration mode!
2021-09-16 15:09:52.391 INFO  7636 --- [restartedMain] o.s.d.r.config.RepositoryConfigurationDelegate - Bootstrapping Spring Data Redis repositories in DEFAULT mode.
2021-09-16 15:09:52.423 INFO  7636 --- [restartedMain] o.s.d.r.config.RepositoryConfigurationDelegate - Finished Spring Data repository scanning in 13 ms. Found 0 Redis repository interfaces.
2021-09-16 15:09:54.178 INFO  7636 --- [restartedMain] o.s.boot.web.embedded.tomcat.TomcatWebServer - Tomcat initialized with port(s): 8080 (http)
2021-09-16 15:09:54.198 INFO  7636 --- [restartedMain] org.apache.coyote.http11.Http11NioProtocol - Initializing ProtocolHandler ["http-nio-8080"]
2021-09-16 15:09:54.200 INFO  7636 --- [restartedMain] org.apache.catalina.core.StandardService - Starting service [Tomcat]
2021-09-16 15:09:54.201 INFO  7636 --- [restartedMain] org.apache.catalina.core.StandardEngine - Starting Servlet engine: [Apache Tomcat/9.0.52]
2021-09-16 15:09:54.474 INFO  7636 --- [restartedMain] o.a.c.core.ContainerBase.[Tomcat].[localhost].[/] - Initializing Spring embedded WebApplicationContext
2021-09-16 15:09:54.476 INFO  7636 --- [restartedMain] o.s.b.w.s.c.ServletWebServerApplicationContext - Root WebApplicationContext: initialization completed in 3633 ms
2021-09-16 15:09:56.502 INFO  7636 --- [restartedMain] org.mongodb.driver.cluster - Cluster created with settings {hosts=[localhost:27017], mode=SINGLE, requiredClusterType=UNKNOWN, serverSelectionTimeout='30000 ms'}
2021-09-16 15:09:57.288 INFO  7636 --- [restartedMain] o.s.b.d.autoconfigure.OptionalLiveReloadServer - LiveReload server is running on port 35729
2021-09-16 15:09:57.310 INFO  7636 --- [restartedMain] org.apache.coyote.http11.Http11NioProtocol - Starting ProtocolHandler ["http-nio-8080"]
2021-09-16 15:09:57.341 INFO  7636 --- [restartedMain] o.s.boot.web.embedded.tomcat.TomcatWebServer - Tomcat started on port(s): 8080 (http) with context path ''
2021-09-16 15:09:57.366 INFO  7636 --- [restartedMain] com.example.demo.DemoApplication - Started DemoApplication in 7.683 seconds (JVM running for 9.734)
2021-09-16 15:09:57.663 INFO  7636 --- [cluster-ClusterId{value='6142edc4e92a63210c741eb0', description='null'}-localhost:27017] org.mongodb.driver.cluster - Exception in monitor thread while connecting to server localhost:27017
com.mongodb.MongoSocketOpenException: Exception opening socket
	at com.mongodb.internal.connection.SocketStream.open(SocketStream.java:70)
	at com.mongodb.internal.connection.InternalStreamConnection.open(InternalStreamConnection.java:143)
	at com.mongodb.internal.connection.DefaultServerMonitor$ServerMonitorRunnable.lookupServerDescription(DefaultServerMonitor.java:188)
	at com.mongodb.internal.connection.DefaultServerMonitor$ServerMonitorRunnable.run(DefaultServerMonitor.java:144)
	at java.lang.Thread.run(Thread.java:748)
Caused by: java.net.ConnectException: Connection refused: connect
	at java.net.DualStackPlainSocketImpl.waitForConnect(Native Method)
	at java.net.DualStackPlainSocketImpl.socketConnect(DualStackPlainSocketImpl.java:85)
	at java.net.AbstractPlainSocketImpl.doConnect(AbstractPlainSocketImpl.java:350)
	at java.net.AbstractPlainSocketImpl.connectToAddress(AbstractPlainSocketImpl.java:206)
	at java.net.AbstractPlainSocketImpl.connect(AbstractPlainSocketImpl.java:188)
	at java.net.PlainSocketImpl.connect(PlainSocketImpl.java:172)
	at java.net.SocksSocketImpl.connect(SocksSocketImpl.java:392)
	at java.net.Socket.connect(Socket.java:606)
	at com.mongodb.internal.connection.SocketStreamHelper.initialize(SocketStreamHelper.java:107)
	at com.mongodb.internal.connection.SocketStream.initializeSocket(SocketStream.java:79)
	at com.mongodb.internal.connection.SocketStream.open(SocketStream.java:65)
	... 4 common frames omitted
2021-09-16 15:21:02.435 INFO  12624 --- [restartedMain] com.example.demo.DemoApplication - Starting DemoApplication using Java 1.8.0_241 on KS-SHA-LP140204 with PID 12624 (C:\Users\zeng.yang\Desktop\demo\target\classes started by zeng.yang in C:\Users\zeng.yang\Desktop\demo)
2021-09-16 15:21:02.439 INFO  12624 --- [restartedMain] com.example.demo.DemoApplication - No active profile set, falling back to default profiles: default
2021-09-16 15:21:02.541 INFO  12624 --- [restartedMain] o.s.boot.devtools.restart.ChangeableUrls - The Class-Path manifest attribute in C:\Maven\repository\com\oracle\database\jdbc\ojdbc8\21.1.0.0\ojdbc8-21.1.0.0.jar referenced one or more files that do not exist: file:/C:/Maven/repository/com/oracle/database/jdbc/ojdbc8/21.1.0.0/oraclepki.jar
2021-09-16 15:21:02.548 INFO  12624 --- [restartedMain] o.s.b.d.env.DevToolsPropertyDefaultsPostProcessor - Devtools property defaults active! Set 'spring.devtools.add-properties' to 'false' to disable
2021-09-16 15:21:02.548 INFO  12624 --- [restartedMain] o.s.b.d.env.DevToolsPropertyDefaultsPostProcessor - For additional web related logging consider setting the 'logging.level.web' property to 'DEBUG'
2021-09-16 15:21:03.950 INFO  12624 --- [restartedMain] o.s.d.r.config.RepositoryConfigurationDelegate - Multiple Spring Data modules found, entering strict repository configuration mode!
2021-09-16 15:21:03.953 INFO  12624 --- [restartedMain] o.s.d.r.config.RepositoryConfigurationDelegate - Bootstrapping Spring Data MongoDB repositories in DEFAULT mode.
2021-09-16 15:21:03.984 INFO  12624 --- [restartedMain] o.s.d.r.config.RepositoryConfigurationDelegate - Finished Spring Data repository scanning in 23 ms. Found 0 MongoDB repository interfaces.
2021-09-16 15:21:04.004 INFO  12624 --- [restartedMain] o.s.d.r.config.RepositoryConfigurationDelegate - Multiple Spring Data modules found, entering strict repository configuration mode!
2021-09-16 15:21:04.006 INFO  12624 --- [restartedMain] o.s.d.r.config.RepositoryConfigurationDelegate - Bootstrapping Spring Data Redis repositories in DEFAULT mode.
2021-09-16 15:21:04.030 INFO  12624 --- [restartedMain] o.s.d.r.config.RepositoryConfigurationDelegate - Finished Spring Data repository scanning in 12 ms. Found 0 Redis repository interfaces.
2021-09-16 15:21:05.755 INFO  12624 --- [restartedMain] o.s.boot.web.embedded.tomcat.TomcatWebServer - Tomcat initialized with port(s): 8080 (http)
2021-09-16 15:21:05.772 INFO  12624 --- [restartedMain] org.apache.coyote.http11.Http11NioProtocol - Initializing ProtocolHandler ["http-nio-8080"]
2021-09-16 15:21:05.773 INFO  12624 --- [restartedMain] org.apache.catalina.core.StandardService - Starting service [Tomcat]
2021-09-16 15:21:05.774 INFO  12624 --- [restartedMain] org.apache.catalina.core.StandardEngine - Starting Servlet engine: [Apache Tomcat/9.0.52]
2021-09-16 15:21:06.013 INFO  12624 --- [restartedMain] o.a.c.core.ContainerBase.[Tomcat].[localhost].[/] - Initializing Spring embedded WebApplicationContext
2021-09-16 15:21:06.013 INFO  12624 --- [restartedMain] o.s.b.w.s.c.ServletWebServerApplicationContext - Root WebApplicationContext: initialization completed in 3464 ms
2021-09-16 15:21:07.727 INFO  12624 --- [restartedMain] org.mongodb.driver.cluster - Cluster created with settings {hosts=[localhost:27017], mode=SINGLE, requiredClusterType=UNKNOWN, serverSelectionTimeout='30000 ms'}
2021-09-16 15:21:08.322 INFO  12624 --- [restartedMain] o.s.b.d.autoconfigure.OptionalLiveReloadServer - LiveReload server is running on port 35729
2021-09-16 15:21:08.349 INFO  12624 --- [restartedMain] org.apache.coyote.http11.Http11NioProtocol - Starting ProtocolHandler ["http-nio-8080"]
2021-09-16 15:21:08.381 INFO  12624 --- [restartedMain] o.s.boot.web.embedded.tomcat.TomcatWebServer - Tomcat started on port(s): 8080 (http) with context path ''
2021-09-16 15:21:08.402 INFO  12624 --- [restartedMain] com.example.demo.DemoApplication - Started DemoApplication in 6.808 seconds (JVM running for 8.419)
2021-09-16 15:21:08.794 INFO  12624 --- [cluster-ClusterId{value='6142f0639299a00cefb3ca96', description='null'}-localhost:27017] org.mongodb.driver.cluster - Exception in monitor thread while connecting to server localhost:27017
com.mongodb.MongoSocketOpenException: Exception opening socket
	at com.mongodb.internal.connection.SocketStream.open(SocketStream.java:70)
	at com.mongodb.internal.connection.InternalStreamConnection.open(InternalStreamConnection.java:143)
	at com.mongodb.internal.connection.DefaultServerMonitor$ServerMonitorRunnable.lookupServerDescription(DefaultServerMonitor.java:188)
	at com.mongodb.internal.connection.DefaultServerMonitor$ServerMonitorRunnable.run(DefaultServerMonitor.java:144)
	at java.lang.Thread.run(Thread.java:748)
Caused by: java.net.ConnectException: Connection refused: connect
	at java.net.DualStackPlainSocketImpl.waitForConnect(Native Method)
	at java.net.DualStackPlainSocketImpl.socketConnect(DualStackPlainSocketImpl.java:85)
	at java.net.AbstractPlainSocketImpl.doConnect(AbstractPlainSocketImpl.java:350)
	at java.net.AbstractPlainSocketImpl.connectToAddress(AbstractPlainSocketImpl.java:206)
	at java.net.AbstractPlainSocketImpl.connect(AbstractPlainSocketImpl.java:188)
	at java.net.PlainSocketImpl.connect(PlainSocketImpl.java:172)
	at java.net.SocksSocketImpl.connect(SocksSocketImpl.java:392)
	at java.net.Socket.connect(Socket.java:606)
	at com.mongodb.internal.connection.SocketStreamHelper.initialize(SocketStreamHelper.java:107)
	at com.mongodb.internal.connection.SocketStream.initializeSocket(SocketStream.java:79)
	at com.mongodb.internal.connection.SocketStream.open(SocketStream.java:65)
	... 4 common frames omitted
2021-09-16 15:21:16.430 INFO  12624 --- [http-nio-8080-exec-1] com.example.demo.handle.MyListener - session id为：null
2021-09-16 15:21:16.433 INFO  12624 --- [http-nio-8080-exec-1] com.example.demo.handle.MyListener - request url为：http://localhost:8080/api/find
2021-09-16 15:21:16.445 INFO  12624 --- [http-nio-8080-exec-1] o.a.c.core.ContainerBase.[Tomcat].[localhost].[/] - Initializing Spring DispatcherServlet 'dispatcherServlet'
2021-09-16 15:21:16.445 INFO  12624 --- [http-nio-8080-exec-1] org.springframework.web.servlet.DispatcherServlet - Initializing Servlet 'dispatcherServlet'
2021-09-16 15:21:16.447 INFO  12624 --- [http-nio-8080-exec-1] org.springframework.web.servlet.DispatcherServlet - Completed initialization in 2 ms
2021-09-16 15:21:16.763 INFO  12624 --- [http-nio-8080-exec-1] com.alibaba.druid.pool.DruidDataSource - {dataSource-1} inited
2021-09-16 15:21:17.144 INFO  12624 --- [http-nio-8080-exec-1] com.example.demo.handle.MyListener - request end
2021-09-16 15:21:17.144 INFO  12624 --- [http-nio-8080-exec-1] com.example.demo.handle.MyListener - request域中保存的name值为：杨增
2021-09-16 15:27:23.272 INFO  12624 --- [Thread-6] com.alibaba.druid.pool.DruidDataSource - {dataSource-1} closed
2021-09-16 15:28:19.666 INFO  12624 --- [restartedMain] com.example.demo.DemoApplication - Starting DemoApplication using Java 1.8.0_241 on KS-SHA-LP140204 with PID 12624 (C:\Users\zeng.yang\Desktop\demo\target\classes started by zeng.yang in C:\Users\zeng.yang\Desktop\demo)
2021-09-16 15:28:19.666 INFO  12624 --- [restartedMain] com.example.demo.DemoApplication - No active profile set, falling back to default profiles: default
2021-09-16 15:28:20.825 INFO  12624 --- [restartedMain] o.s.d.r.config.RepositoryConfigurationDelegate - Multiple Spring Data modules found, entering strict repository configuration mode!
2021-09-16 15:28:20.827 INFO  12624 --- [restartedMain] o.s.d.r.config.RepositoryConfigurationDelegate - Bootstrapping Spring Data MongoDB repositories in DEFAULT mode.
2021-09-16 15:28:20.832 INFO  12624 --- [restartedMain] o.s.d.r.config.RepositoryConfigurationDelegate - Finished Spring Data repository scanning in 4 ms. Found 0 MongoDB repository interfaces.
2021-09-16 15:28:20.838 INFO  12624 --- [restartedMain] o.s.d.r.config.RepositoryConfigurationDelegate - Multiple Spring Data modules found, entering strict repository configuration mode!
2021-09-16 15:28:20.838 INFO  12624 --- [restartedMain] o.s.d.r.config.RepositoryConfigurationDelegate - Bootstrapping Spring Data Redis repositories in DEFAULT mode.
2021-09-16 15:28:20.840 INFO  12624 --- [restartedMain] o.s.d.r.config.RepositoryConfigurationDelegate - Finished Spring Data repository scanning in 1 ms. Found 0 Redis repository interfaces.
2021-09-16 15:28:20.914 WARN  12624 --- [restartedMain] org.mybatis.spring.mapper.ClassPathMapperScanner - No MyBatis mapper was found in '[com.example.demo.mapper]' package. Please check your configuration.
2021-09-16 15:28:21.195 INFO  12624 --- [restartedMain] o.s.boot.web.embedded.tomcat.TomcatWebServer - Tomcat initialized with port(s): 8080 (http)
2021-09-16 15:28:21.196 INFO  12624 --- [restartedMain] org.apache.catalina.core.StandardService - Starting service [Tomcat]
2021-09-16 15:28:21.199 INFO  12624 --- [restartedMain] org.apache.catalina.core.StandardEngine - Starting Servlet engine: [Apache Tomcat/9.0.52]
2021-09-16 15:28:21.388 INFO  12624 --- [restartedMain] o.a.c.c.ContainerBase.[Tomcat-1].[localhost].[/] - Initializing Spring embedded WebApplicationContext
2021-09-16 15:28:21.388 INFO  12624 --- [restartedMain] o.s.b.w.s.c.ServletWebServerApplicationContext - Root WebApplicationContext: initialization completed in 1559 ms
2021-09-16 15:28:21.838 WARN  12624 --- [restartedMain] o.s.b.w.s.c.AnnotationConfigServletWebServerApplicationContext - Exception encountered during context initialization - cancelling refresh attempt: org.springframework.beans.factory.BeanCreationException: Error creating bean with name 'sqlSessionFactory' defined in class path resource [org/mybatis/spring/boot/autoconfigure/MybatisAutoConfiguration.class]: Bean instantiation via factory method failed; nested exception is org.springframework.beans.BeanInstantiationException: Failed to instantiate [org.apache.ibatis.session.SqlSessionFactory]: Factory method 'sqlSessionFactory' threw exception; nested exception is org.springframework.core.NestedIOException: Failed to parse mapping resource: 'file [C:\Users\zeng.yang\Desktop\demo\target\classes\mapper\UserMapper.xml]'; nested exception is org.apache.ibatis.builder.BuilderException: Error parsing Mapper XML. The XML location is 'file [C:\Users\zeng.yang\Desktop\demo\target\classes\mapper\UserMapper.xml]'. Cause: org.apache.ibatis.builder.BuilderException: Error resolving class. Cause: org.apache.ibatis.type.TypeException: Could not resolve type alias 'UserName'.  Cause: java.lang.ClassNotFoundException: Cannot find class: UserName
2021-09-16 15:28:21.850 INFO  12624 --- [restartedMain] org.apache.catalina.core.StandardService - Stopping service [Tomcat]
2021-09-16 15:28:21.868 INFO  12624 --- [restartedMain] o.s.b.a.l.ConditionEvaluationReportLoggingListener - 

Error starting ApplicationContext. To display the conditions report re-run your application with 'debug' enabled.
2021-09-16 15:28:21.878 ERROR 12624 --- [restartedMain] org.springframework.boot.SpringApplication - Application run failed
org.springframework.beans.factory.BeanCreationException: Error creating bean with name 'sqlSessionFactory' defined in class path resource [org/mybatis/spring/boot/autoconfigure/MybatisAutoConfiguration.class]: Bean instantiation via factory method failed; nested exception is org.springframework.beans.BeanInstantiationException: Failed to instantiate [org.apache.ibatis.session.SqlSessionFactory]: Factory method 'sqlSessionFactory' threw exception; nested exception is org.springframework.core.NestedIOException: Failed to parse mapping resource: 'file [C:\Users\zeng.yang\Desktop\demo\target\classes\mapper\UserMapper.xml]'; nested exception is org.apache.ibatis.builder.BuilderException: Error parsing Mapper XML. The XML location is 'file [C:\Users\zeng.yang\Desktop\demo\target\classes\mapper\UserMapper.xml]'. Cause: org.apache.ibatis.builder.BuilderException: Error resolving class. Cause: org.apache.ibatis.type.TypeException: Could not resolve type alias 'UserName'.  Cause: java.lang.ClassNotFoundException: Cannot find class: UserName
	at org.springframework.beans.factory.support.ConstructorResolver.instantiate(ConstructorResolver.java:658)
	at org.springframework.beans.factory.support.ConstructorResolver.instantiateUsingFactoryMethod(ConstructorResolver.java:638)
	at org.springframework.beans.factory.support.AbstractAutowireCapableBeanFactory.instantiateUsingFactoryMethod(AbstractAutowireCapableBeanFactory.java:1334)
	at org.springframework.beans.factory.support.AbstractAutowireCapableBeanFactory.createBeanInstance(AbstractAutowireCapableBeanFactory.java:1177)
	at org.springframework.beans.factory.support.AbstractAutowireCapableBeanFactory.doCreateBean(AbstractAutowireCapableBeanFactory.java:564)
	at org.springframework.beans.factory.support.AbstractAutowireCapableBeanFactory.createBean(AbstractAutowireCapableBeanFactory.java:524)
	at org.springframework.beans.factory.support.AbstractBeanFactory.lambda$doGetBean$0(AbstractBeanFactory.java:335)
	at org.springframework.beans.factory.support.DefaultSingletonBeanRegistry.getSingleton(DefaultSingletonBeanRegistry.java:234)
	at org.springframework.beans.factory.support.AbstractBeanFactory.doGetBean(AbstractBeanFactory.java:333)
	at org.springframework.beans.factory.support.AbstractBeanFactory.getBean(AbstractBeanFactory.java:208)
	at org.springframework.beans.factory.support.DefaultListableBeanFactory.preInstantiateSingletons(DefaultListableBeanFactory.java:944)
	at org.springframework.context.support.AbstractApplicationContext.finishBeanFactoryInitialization(AbstractApplicationContext.java:918)
	at org.springframework.context.support.AbstractApplicationContext.refresh(AbstractApplicationContext.java:583)
	at org.springframework.boot.web.servlet.context.ServletWebServerApplicationContext.refresh(ServletWebServerApplicationContext.java:145)
	at org.springframework.boot.SpringApplication.refresh(SpringApplication.java:754)
	at org.springframework.boot.SpringApplication.refreshContext(SpringApplication.java:434)
	at org.springframework.boot.SpringApplication.run(SpringApplication.java:338)
	at org.springframework.boot.SpringApplication.run(SpringApplication.java:1343)
	at org.springframework.boot.SpringApplication.run(SpringApplication.java:1332)
	at com.example.demo.DemoApplication.main(DemoApplication.java:16)
	at sun.reflect.NativeMethodAccessorImpl.invoke0(Native Method)
	at sun.reflect.NativeMethodAccessorImpl.invoke(NativeMethodAccessorImpl.java:62)
	at sun.reflect.DelegatingMethodAccessorImpl.invoke(DelegatingMethodAccessorImpl.java:43)
	at java.lang.reflect.Method.invoke(Method.java:498)
	at org.springframework.boot.devtools.restart.RestartLauncher.run(RestartLauncher.java:49)
Caused by: org.springframework.beans.BeanInstantiationException: Failed to instantiate [org.apache.ibatis.session.SqlSessionFactory]: Factory method 'sqlSessionFactory' threw exception; nested exception is org.springframework.core.NestedIOException: Failed to parse mapping resource: 'file [C:\Users\zeng.yang\Desktop\demo\target\classes\mapper\UserMapper.xml]'; nested exception is org.apache.ibatis.builder.BuilderException: Error parsing Mapper XML. The XML location is 'file [C:\Users\zeng.yang\Desktop\demo\target\classes\mapper\UserMapper.xml]'. Cause: org.apache.ibatis.builder.BuilderException: Error resolving class. Cause: org.apache.ibatis.type.TypeException: Could not resolve type alias 'UserName'.  Cause: java.lang.ClassNotFoundException: Cannot find class: UserName
	at org.springframework.beans.factory.support.SimpleInstantiationStrategy.instantiate(SimpleInstantiationStrategy.java:185)
	at org.springframework.beans.factory.support.ConstructorResolver.instantiate(ConstructorResolver.java:653)
	... 24 common frames omitted
Caused by: org.springframework.core.NestedIOException: Failed to parse mapping resource: 'file [C:\Users\zeng.yang\Desktop\demo\target\classes\mapper\UserMapper.xml]'; nested exception is org.apache.ibatis.builder.BuilderException: Error parsing Mapper XML. The XML location is 'file [C:\Users\zeng.yang\Desktop\demo\target\classes\mapper\UserMapper.xml]'. Cause: org.apache.ibatis.builder.BuilderException: Error resolving class. Cause: org.apache.ibatis.type.TypeException: Could not resolve type alias 'UserName'.  Cause: java.lang.ClassNotFoundException: Cannot find class: UserName
	at org.mybatis.spring.SqlSessionFactoryBean.buildSqlSessionFactory(SqlSessionFactoryBean.java:595)
	at org.mybatis.spring.SqlSessionFactoryBean.afterPropertiesSet(SqlSessionFactoryBean.java:475)
	at org.mybatis.spring.SqlSessionFactoryBean.getObject(SqlSessionFactoryBean.java:615)
	at org.mybatis.spring.boot.autoconfigure.MybatisAutoConfiguration.sqlSessionFactory(MybatisAutoConfiguration.java:180)
	at org.mybatis.spring.boot.autoconfigure.MybatisAutoConfiguration$$EnhancerBySpringCGLIB$$9de23354.CGLIB$sqlSessionFactory$2(<generated>)
	at org.mybatis.spring.boot.autoconfigure.MybatisAutoConfiguration$$EnhancerBySpringCGLIB$$9de23354$$FastClassBySpringCGLIB$$492f5c25.invoke(<generated>)
	at org.springframework.cglib.proxy.MethodProxy.invokeSuper(MethodProxy.java:244)
	at org.springframework.context.annotation.ConfigurationClassEnhancer$BeanMethodInterceptor.intercept(ConfigurationClassEnhancer.java:331)
	at org.mybatis.spring.boot.autoconfigure.MybatisAutoConfiguration$$EnhancerBySpringCGLIB$$9de23354.sqlSessionFactory(<generated>)
	at sun.reflect.NativeMethodAccessorImpl.invoke0(Native Method)
	at sun.reflect.NativeMethodAccessorImpl.invoke(NativeMethodAccessorImpl.java:62)
	at sun.reflect.DelegatingMethodAccessorImpl.invoke(DelegatingMethodAccessorImpl.java:43)
	at java.lang.reflect.Method.invoke(Method.java:498)
	at org.springframework.beans.factory.support.SimpleInstantiationStrategy.instantiate(SimpleInstantiationStrategy.java:154)
	... 25 common frames omitted
Caused by: org.apache.ibatis.builder.BuilderException: Error parsing Mapper XML. The XML location is 'file [C:\Users\zeng.yang\Desktop\demo\target\classes\mapper\UserMapper.xml]'. Cause: org.apache.ibatis.builder.BuilderException: Error resolving class. Cause: org.apache.ibatis.type.TypeException: Could not resolve type alias 'UserName'.  Cause: java.lang.ClassNotFoundException: Cannot find class: UserName
	at org.apache.ibatis.builder.xml.XMLMapperBuilder.configurationElement(XMLMapperBuilder.java:122)
	at org.apache.ibatis.builder.xml.XMLMapperBuilder.parse(XMLMapperBuilder.java:94)
	at org.mybatis.spring.SqlSessionFactoryBean.buildSqlSessionFactory(SqlSessionFactoryBean.java:593)
	... 38 common frames omitted
Caused by: org.apache.ibatis.builder.BuilderException: Error resolving class. Cause: org.apache.ibatis.type.TypeException: Could not resolve type alias 'UserName'.  Cause: java.lang.ClassNotFoundException: Cannot find class: UserName
	at org.apache.ibatis.builder.BaseBuilder.resolveClass(BaseBuilder.java:118)
	at org.apache.ibatis.builder.xml.XMLMapperBuilder.resultMapElement(XMLMapperBuilder.java:262)
	at org.apache.ibatis.builder.xml.XMLMapperBuilder.resultMapElement(XMLMapperBuilder.java:253)
	at org.apache.ibatis.builder.xml.XMLMapperBuilder.resultMapElements(XMLMapperBuilder.java:245)
	at org.apache.ibatis.builder.xml.XMLMapperBuilder.configurationElement(XMLMapperBuilder.java:118)
	... 40 common frames omitted
Caused by: org.apache.ibatis.type.TypeException: Could not resolve type alias 'UserName'.  Cause: java.lang.ClassNotFoundException: Cannot find class: UserName
	at org.apache.ibatis.type.TypeAliasRegistry.resolveAlias(TypeAliasRegistry.java:120)
	at org.apache.ibatis.builder.BaseBuilder.resolveAlias(BaseBuilder.java:149)
	at org.apache.ibatis.builder.BaseBuilder.resolveClass(BaseBuilder.java:116)
	... 44 common frames omitted
Caused by: java.lang.ClassNotFoundException: Cannot find class: UserName
	at org.apache.ibatis.io.ClassLoaderWrapper.classForName(ClassLoaderWrapper.java:200)
	at org.apache.ibatis.io.ClassLoaderWrapper.classForName(ClassLoaderWrapper.java:89)
	at org.apache.ibatis.io.Resources.classForName(Resources.java:261)
	at org.apache.ibatis.type.TypeAliasRegistry.resolveAlias(TypeAliasRegistry.java:116)
	... 46 common frames omitted
2021-09-16 15:28:27.596 INFO  12624 --- [restartedMain] com.example.demo.DemoApplication - Starting DemoApplication using Java 1.8.0_241 on KS-SHA-LP140204 with PID 12624 (C:\Users\zeng.yang\Desktop\demo\target\classes started by zeng.yang in C:\Users\zeng.yang\Desktop\demo)
2021-09-16 15:28:27.596 INFO  12624 --- [restartedMain] com.example.demo.DemoApplication - No active profile set, falling back to default profiles: default
2021-09-16 15:28:28.069 INFO  12624 --- [restartedMain] o.s.d.r.config.RepositoryConfigurationDelegate - Multiple Spring Data modules found, entering strict repository configuration mode!
2021-09-16 15:28:28.070 INFO  12624 --- [restartedMain] o.s.d.r.config.RepositoryConfigurationDelegate - Bootstrapping Spring Data MongoDB repositories in DEFAULT mode.
2021-09-16 15:28:28.089 INFO  12624 --- [restartedMain] o.s.d.r.config.RepositoryConfigurationDelegate - Finished Spring Data repository scanning in 19 ms. Found 0 MongoDB repository interfaces.
2021-09-16 15:28:28.094 INFO  12624 --- [restartedMain] o.s.d.r.config.RepositoryConfigurationDelegate - Multiple Spring Data modules found, entering strict repository configuration mode!
2021-09-16 15:28:28.094 INFO  12624 --- [restartedMain] o.s.d.r.config.RepositoryConfigurationDelegate - Bootstrapping Spring Data Redis repositories in DEFAULT mode.
2021-09-16 15:28:28.111 INFO  12624 --- [restartedMain] o.s.d.r.config.RepositoryConfigurationDelegate - Finished Spring Data repository scanning in 16 ms. Found 0 Redis repository interfaces.
2021-09-16 15:28:28.508 INFO  12624 --- [restartedMain] o.s.boot.web.embedded.tomcat.TomcatWebServer - Tomcat initialized with port(s): 8080 (http)
2021-09-16 15:28:28.509 INFO  12624 --- [restartedMain] org.apache.catalina.core.StandardService - Starting service [Tomcat]
2021-09-16 15:28:28.509 INFO  12624 --- [restartedMain] org.apache.catalina.core.StandardEngine - Starting Servlet engine: [Apache Tomcat/9.0.52]
2021-09-16 15:28:28.590 INFO  12624 --- [restartedMain] o.a.c.c.ContainerBase.[Tomcat-2].[localhost].[/] - Initializing Spring embedded WebApplicationContext
2021-09-16 15:28:28.590 INFO  12624 --- [restartedMain] o.s.b.w.s.c.ServletWebServerApplicationContext - Root WebApplicationContext: initialization completed in 989 ms
2021-09-16 15:28:29.387 INFO  12624 --- [restartedMain] org.mongodb.driver.cluster - Cluster created with settings {hosts=[localhost:27017], mode=SINGLE, requiredClusterType=UNKNOWN, serverSelectionTimeout='30000 ms'}
2021-09-16 15:28:29.475 INFO  12624 --- [restartedMain] o.s.b.d.autoconfigure.OptionalLiveReloadServer - LiveReload server is running on port 35729
2021-09-16 15:28:29.517 INFO  12624 --- [restartedMain] o.s.boot.web.embedded.tomcat.TomcatWebServer - Tomcat started on port(s): 8080 (http) with context path ''
2021-09-16 15:28:29.536 INFO  12624 --- [restartedMain] com.example.demo.DemoApplication - Started DemoApplication in 2.089 seconds (JVM running for 449.522)
2021-09-16 15:28:29.540 INFO  12624 --- [restartedMain] o.s.b.d.a.ConditionEvaluationDeltaLoggingListener - Condition evaluation unchanged
2021-09-16 15:28:30.409 INFO  12624 --- [cluster-ClusterId{value='6142f21d9299a00cefb3ca97', description='null'}-localhost:27017] org.mongodb.driver.cluster - Exception in monitor thread while connecting to server localhost:27017
com.mongodb.MongoSocketOpenException: Exception opening socket
	at com.mongodb.internal.connection.SocketStream.open(SocketStream.java:70)
	at com.mongodb.internal.connection.InternalStreamConnection.open(InternalStreamConnection.java:143)
	at com.mongodb.internal.connection.DefaultServerMonitor$ServerMonitorRunnable.lookupServerDescription(DefaultServerMonitor.java:188)
	at com.mongodb.internal.connection.DefaultServerMonitor$ServerMonitorRunnable.run(DefaultServerMonitor.java:144)
	at java.lang.Thread.run(Thread.java:748)
Caused by: java.net.ConnectException: Connection refused: connect
	at java.net.DualStackPlainSocketImpl.waitForConnect(Native Method)
	at java.net.DualStackPlainSocketImpl.socketConnect(DualStackPlainSocketImpl.java:85)
	at java.net.AbstractPlainSocketImpl.doConnect(AbstractPlainSocketImpl.java:350)
	at java.net.AbstractPlainSocketImpl.connectToAddress(AbstractPlainSocketImpl.java:206)
	at java.net.AbstractPlainSocketImpl.connect(AbstractPlainSocketImpl.java:188)
	at java.net.PlainSocketImpl.connect(PlainSocketImpl.java:172)
	at java.net.SocksSocketImpl.connect(SocksSocketImpl.java:392)
	at java.net.Socket.connect(Socket.java:606)
	at com.mongodb.internal.connection.SocketStreamHelper.initialize(SocketStreamHelper.java:107)
	at com.mongodb.internal.connection.SocketStream.initializeSocket(SocketStream.java:79)
	at com.mongodb.internal.connection.SocketStream.open(SocketStream.java:65)
	... 4 common frames omitted
2021-09-16 15:28:34.054 INFO  PID_IS_UNDEFINED --- [main] o.s.b.t.context.SpringBootTestContextBootstrapper - Neither @ContextConfiguration nor @ContextHierarchy found for test class [com.example.demo.DemoApplicationTests], using SpringBootContextLoader
2021-09-16 15:28:34.063 INFO  PID_IS_UNDEFINED --- [main] o.s.test.context.support.AbstractContextLoader - Could not detect default resource locations for test class [com.example.demo.DemoApplicationTests]: no resource found for suffixes {-context.xml, Context.groovy}.
2021-09-16 15:28:34.064 INFO  PID_IS_UNDEFINED --- [main] o.s.t.c.support.AnnotationConfigContextLoaderUtils - Could not detect default configuration classes for test class [com.example.demo.DemoApplicationTests]: DemoApplicationTests does not declare any static, non-private, non-final, nested classes annotated with @Configuration.
2021-09-16 15:28:34.268 INFO  PID_IS_UNDEFINED --- [main] o.s.b.t.context.SpringBootTestContextBootstrapper - Found @SpringBootConfiguration com.example.demo.DemoApplication for test class com.example.demo.DemoApplicationTests
2021-09-16 15:28:34.442 INFO  PID_IS_UNDEFINED --- [main] o.s.b.t.context.SpringBootTestContextBootstrapper - Loaded default TestExecutionListener class names from location [META-INF/spring.factories]: [org.springframework.boot.test.mock.mockito.MockitoTestExecutionListener, org.springframework.boot.test.mock.mockito.ResetMocksTestExecutionListener, org.springframework.boot.test.autoconfigure.restdocs.RestDocsTestExecutionListener, org.springframework.boot.test.autoconfigure.web.client.MockRestServiceServerResetTestExecutionListener, org.springframework.boot.test.autoconfigure.web.servlet.MockMvcPrintOnlyOnFailureTestExecutionListener, org.springframework.boot.test.autoconfigure.web.servlet.WebDriverTestExecutionListener, org.springframework.boot.test.autoconfigure.webservices.client.MockWebServiceServerTestExecutionListener, org.springframework.test.context.web.ServletTestExecutionListener, org.springframework.test.context.support.DirtiesContextBeforeModesTestExecutionListener, org.springframework.test.context.event.ApplicationEventsTestExecutionListener, org.springframework.test.context.support.DependencyInjectionTestExecutionListener, org.springframework.test.context.support.DirtiesContextTestExecutionListener, org.springframework.test.context.transaction.TransactionalTestExecutionListener, org.springframework.test.context.jdbc.SqlScriptsTestExecutionListener, org.springframework.test.context.event.EventPublishingTestExecutionListener]
2021-09-16 15:28:34.468 INFO  PID_IS_UNDEFINED --- [main] o.s.b.t.context.SpringBootTestContextBootstrapper - Using TestExecutionListeners: [org.springframework.test.context.web.ServletTestExecutionListener@7f284218, org.springframework.test.context.support.DirtiesContextBeforeModesTestExecutionListener@407a7f2a, org.springframework.test.context.event.ApplicationEventsTestExecutionListener@4ea5b703, org.springframework.boot.test.mock.mockito.MockitoTestExecutionListener@2a7ed1f, org.springframework.boot.test.autoconfigure.SpringBootDependencyInjectionTestExecutionListener@3fa247d1, org.springframework.test.context.support.DirtiesContextTestExecutionListener@2cb2fc20, org.springframework.test.context.transaction.TransactionalTestExecutionListener@4f4c4b1a, org.springframework.test.context.jdbc.SqlScriptsTestExecutionListener@723e88f9, org.springframework.test.context.event.EventPublishingTestExecutionListener@5f0fd5a0, org.springframework.boot.test.mock.mockito.ResetMocksTestExecutionListener@64e7619d, org.springframework.boot.test.autoconfigure.restdocs.RestDocsTestExecutionListener@495ee280, org.springframework.boot.test.autoconfigure.web.client.MockRestServiceServerResetTestExecutionListener@4fa1c212, org.springframework.boot.test.autoconfigure.web.servlet.MockMvcPrintOnlyOnFailureTestExecutionListener@6ea2bc93, org.springframework.boot.test.autoconfigure.web.servlet.WebDriverTestExecutionListener@3116c353, org.springframework.boot.test.autoconfigure.webservices.client.MockWebServiceServerTestExecutionListener@f627d13]
2021-09-16 15:28:35.282 INFO  13660 --- [main] com.example.demo.DemoApplicationTests - Starting DemoApplicationTests using Java 1.8.0_241 on KS-SHA-LP140204 with PID 13660 (started by zeng.yang in C:\Users\zeng.yang\Desktop\demo)
2021-09-16 15:28:35.285 INFO  13660 --- [main] com.example.demo.DemoApplicationTests - No active profile set, falling back to default profiles: default
2021-09-16 15:28:36.676 INFO  13660 --- [main] o.s.d.r.config.RepositoryConfigurationDelegate - Multiple Spring Data modules found, entering strict repository configuration mode!
2021-09-16 15:28:36.679 INFO  13660 --- [main] o.s.d.r.config.RepositoryConfigurationDelegate - Bootstrapping Spring Data MongoDB repositories in DEFAULT mode.
2021-09-16 15:28:36.719 INFO  13660 --- [main] o.s.d.r.config.RepositoryConfigurationDelegate - Finished Spring Data repository scanning in 33 ms. Found 0 MongoDB repository interfaces.
2021-09-16 15:28:36.751 INFO  13660 --- [main] o.s.d.r.config.RepositoryConfigurationDelegate - Multiple Spring Data modules found, entering strict repository configuration mode!
2021-09-16 15:28:36.754 INFO  13660 --- [main] o.s.d.r.config.RepositoryConfigurationDelegate - Bootstrapping Spring Data Redis repositories in DEFAULT mode.
2021-09-16 15:28:36.797 INFO  13660 --- [main] o.s.d.r.config.RepositoryConfigurationDelegate - Finished Spring Data repository scanning in 25 ms. Found 0 Redis repository interfaces.
2021-09-16 15:28:40.689 INFO  13660 --- [main] org.mongodb.driver.cluster - Cluster created with settings {hosts=[localhost:27017], mode=SINGLE, requiredClusterType=UNKNOWN, serverSelectionTimeout='30000 ms'}
2021-09-16 15:28:41.779 INFO  13660 --- [cluster-ClusterId{value='6142f228e6d03446d7431fe3', description='null'}-localhost:27017] org.mongodb.driver.cluster - Exception in monitor thread while connecting to server localhost:27017
com.mongodb.MongoSocketOpenException: Exception opening socket
	at com.mongodb.internal.connection.SocketStream.open(SocketStream.java:70)
	at com.mongodb.internal.connection.InternalStreamConnection.open(InternalStreamConnection.java:143)
	at com.mongodb.internal.connection.DefaultServerMonitor$ServerMonitorRunnable.lookupServerDescription(DefaultServerMonitor.java:188)
	at com.mongodb.internal.connection.DefaultServerMonitor$ServerMonitorRunnable.run(DefaultServerMonitor.java:144)
	at java.lang.Thread.run(Thread.java:748)
Caused by: java.net.ConnectException: Connection refused: connect
	at java.net.DualStackPlainSocketImpl.waitForConnect(Native Method)
	at java.net.DualStackPlainSocketImpl.socketConnect(DualStackPlainSocketImpl.java:85)
	at java.net.AbstractPlainSocketImpl.doConnect(AbstractPlainSocketImpl.java:350)
	at java.net.AbstractPlainSocketImpl.connectToAddress(AbstractPlainSocketImpl.java:206)
	at java.net.AbstractPlainSocketImpl.connect(AbstractPlainSocketImpl.java:188)
	at java.net.PlainSocketImpl.connect(PlainSocketImpl.java:172)
	at java.net.SocksSocketImpl.connect(SocksSocketImpl.java:392)
	at java.net.Socket.connect(Socket.java:606)
	at com.mongodb.internal.connection.SocketStreamHelper.initialize(SocketStreamHelper.java:107)
	at com.mongodb.internal.connection.SocketStream.initializeSocket(SocketStream.java:79)
	at com.mongodb.internal.connection.SocketStream.open(SocketStream.java:65)
	... 4 common frames omitted
2021-09-16 15:28:41.841 INFO  13660 --- [main] com.example.demo.DemoApplicationTests - Started DemoApplicationTests in 7.291 seconds (JVM running for 9.077)
2021-09-16 15:33:32.183 INFO  4884 --- [restartedMain] com.example.demo.DemoApplication - Starting DemoApplication using Java 1.8.0_241 on KS-SHA-LP140204 with PID 4884 (C:\Users\zeng.yang\Desktop\demo\target\classes started by zeng.yang in C:\Users\zeng.yang\Desktop\demo)
2021-09-16 15:33:32.187 INFO  4884 --- [restartedMain] com.example.demo.DemoApplication - No active profile set, falling back to default profiles: default
2021-09-16 15:33:32.293 INFO  4884 --- [restartedMain] o.s.boot.devtools.restart.ChangeableUrls - The Class-Path manifest attribute in C:\Maven\repository\com\oracle\database\jdbc\ojdbc8\21.1.0.0\ojdbc8-21.1.0.0.jar referenced one or more files that do not exist: file:/C:/Maven/repository/com/oracle/database/jdbc/ojdbc8/21.1.0.0/oraclepki.jar
2021-09-16 15:33:32.294 INFO  4884 --- [restartedMain] o.s.b.d.env.DevToolsPropertyDefaultsPostProcessor - Devtools property defaults active! Set 'spring.devtools.add-properties' to 'false' to disable
2021-09-16 15:33:32.294 INFO  4884 --- [restartedMain] o.s.b.d.env.DevToolsPropertyDefaultsPostProcessor - For additional web related logging consider setting the 'logging.level.web' property to 'DEBUG'
2021-09-16 15:33:33.963 INFO  4884 --- [restartedMain] o.s.d.r.config.RepositoryConfigurationDelegate - Multiple Spring Data modules found, entering strict repository configuration mode!
2021-09-16 15:33:33.967 INFO  4884 --- [restartedMain] o.s.d.r.config.RepositoryConfigurationDelegate - Bootstrapping Spring Data MongoDB repositories in DEFAULT mode.
2021-09-16 15:33:34.007 INFO  4884 --- [restartedMain] o.s.d.r.config.RepositoryConfigurationDelegate - Finished Spring Data repository scanning in 31 ms. Found 0 MongoDB repository interfaces.
2021-09-16 15:33:34.032 INFO  4884 --- [restartedMain] o.s.d.r.config.RepositoryConfigurationDelegate - Multiple Spring Data modules found, entering strict repository configuration mode!
2021-09-16 15:33:34.035 INFO  4884 --- [restartedMain] o.s.d.r.config.RepositoryConfigurationDelegate - Bootstrapping Spring Data Redis repositories in DEFAULT mode.
2021-09-16 15:33:34.069 INFO  4884 --- [restartedMain] o.s.d.r.config.RepositoryConfigurationDelegate - Finished Spring Data repository scanning in 17 ms. Found 0 Redis repository interfaces.
2021-09-16 15:33:35.838 INFO  4884 --- [restartedMain] o.s.boot.web.embedded.tomcat.TomcatWebServer - Tomcat initialized with port(s): 8081 (http)
2021-09-16 15:33:35.863 INFO  4884 --- [restartedMain] org.apache.coyote.http11.Http11NioProtocol - Initializing ProtocolHandler ["http-nio-8081"]
2021-09-16 15:33:35.867 INFO  4884 --- [restartedMain] org.apache.catalina.core.StandardService - Starting service [Tomcat]
2021-09-16 15:33:35.868 INFO  4884 --- [restartedMain] org.apache.catalina.core.StandardEngine - Starting Servlet engine: [Apache Tomcat/9.0.52]
2021-09-16 15:33:36.315 INFO  4884 --- [restartedMain] o.a.c.core.ContainerBase.[Tomcat].[localhost].[/] - Initializing Spring embedded WebApplicationContext
2021-09-16 15:33:36.316 INFO  4884 --- [restartedMain] o.s.b.w.s.c.ServletWebServerApplicationContext - Root WebApplicationContext: initialization completed in 4021 ms
2021-09-16 15:33:38.009 INFO  4884 --- [restartedMain] org.mongodb.driver.cluster - Cluster created with settings {hosts=[localhost:27017], mode=SINGLE, requiredClusterType=UNKNOWN, serverSelectionTimeout='30000 ms'}
2021-09-16 15:33:38.632 INFO  4884 --- [restartedMain] o.s.b.d.autoconfigure.OptionalLiveReloadServer - LiveReload server is running on port 35729
2021-09-16 15:33:38.656 INFO  4884 --- [restartedMain] org.apache.coyote.http11.Http11NioProtocol - Starting ProtocolHandler ["http-nio-8081"]
2021-09-16 15:33:38.690 INFO  4884 --- [restartedMain] o.s.boot.web.embedded.tomcat.TomcatWebServer - Tomcat started on port(s): 8081 (http) with context path ''
2021-09-16 15:33:38.717 INFO  4884 --- [restartedMain] com.example.demo.DemoApplication - Started DemoApplication in 7.387 seconds (JVM running for 8.831)
2021-09-16 15:33:39.080 INFO  4884 --- [cluster-ClusterId{value='6142f351028f9d564c624d49', description='null'}-localhost:27017] org.mongodb.driver.cluster - Exception in monitor thread while connecting to server localhost:27017
com.mongodb.MongoSocketOpenException: Exception opening socket
	at com.mongodb.internal.connection.SocketStream.open(SocketStream.java:70)
	at com.mongodb.internal.connection.InternalStreamConnection.open(InternalStreamConnection.java:143)
	at com.mongodb.internal.connection.DefaultServerMonitor$ServerMonitorRunnable.lookupServerDescription(DefaultServerMonitor.java:188)
	at com.mongodb.internal.connection.DefaultServerMonitor$ServerMonitorRunnable.run(DefaultServerMonitor.java:144)
	at java.lang.Thread.run(Thread.java:748)
Caused by: java.net.ConnectException: Connection refused: connect
	at java.net.DualStackPlainSocketImpl.waitForConnect(Native Method)
	at java.net.DualStackPlainSocketImpl.socketConnect(DualStackPlainSocketImpl.java:85)
	at java.net.AbstractPlainSocketImpl.doConnect(AbstractPlainSocketImpl.java:350)
	at java.net.AbstractPlainSocketImpl.connectToAddress(AbstractPlainSocketImpl.java:206)
	at java.net.AbstractPlainSocketImpl.connect(AbstractPlainSocketImpl.java:188)
	at java.net.PlainSocketImpl.connect(PlainSocketImpl.java:172)
	at java.net.SocksSocketImpl.connect(SocksSocketImpl.java:392)
	at java.net.Socket.connect(Socket.java:606)
	at com.mongodb.internal.connection.SocketStreamHelper.initialize(SocketStreamHelper.java:107)
	at com.mongodb.internal.connection.SocketStream.initializeSocket(SocketStream.java:79)
	at com.mongodb.internal.connection.SocketStream.open(SocketStream.java:65)
	... 4 common frames omitted
2021-09-16 15:34:41.834 INFO  4884 --- [http-nio-8081-exec-1] com.example.demo.handle.MyListener - session id为：null
2021-09-16 15:34:41.837 INFO  4884 --- [http-nio-8081-exec-1] com.example.demo.handle.MyListener - request url为：http://localhost:8081/api/find
2021-09-16 15:34:41.847 INFO  4884 --- [http-nio-8081-exec-1] o.a.c.core.ContainerBase.[Tomcat].[localhost].[/] - Initializing Spring DispatcherServlet 'dispatcherServlet'
2021-09-16 15:34:41.848 INFO  4884 --- [http-nio-8081-exec-1] org.springframework.web.servlet.DispatcherServlet - Initializing Servlet 'dispatcherServlet'
2021-09-16 15:34:41.851 INFO  4884 --- [http-nio-8081-exec-1] org.springframework.web.servlet.DispatcherServlet - Completed initialization in 3 ms
2021-09-16 15:34:42.188 INFO  4884 --- [http-nio-8081-exec-1] com.alibaba.druid.pool.DruidDataSource - {dataSource-1} inited
2021-09-16 15:34:42.907 INFO  4884 --- [http-nio-8081-exec-1] com.example.demo.handle.MyListener - request end
2021-09-16 15:34:42.908 INFO  4884 --- [http-nio-8081-exec-1] com.example.demo.handle.MyListener - request域中保存的name值为：杨增
2021-09-16 15:34:42.962 INFO  4884 --- [http-nio-8081-exec-2] com.example.demo.handle.MyListener - session id为：null
2021-09-16 15:34:42.963 INFO  4884 --- [http-nio-8081-exec-2] com.example.demo.handle.MyListener - request url为：http://localhost:8081/favicon.ico
2021-09-16 15:34:42.976 WARN  4884 --- [http-nio-8081-exec-2] org.springframework.web.servlet.PageNotFound - No mapping for GET /favicon.ico
2021-09-16 15:34:43.047 INFO  4884 --- [http-nio-8081-exec-2] com.example.demo.handle.MyListener - request end
2021-09-16 15:34:43.047 INFO  4884 --- [http-nio-8081-exec-2] com.example.demo.handle.MyListener - request域中保存的name值为：杨增
2021-09-16 15:50:23.337 INFO  10816 --- [restartedMain] com.example.demo.DemoApplication - Starting DemoApplication using Java 1.8.0_241 on KS-SHA-LP140204 with PID 10816 (C:\Users\zeng.yang\Desktop\demo\target\classes started by zeng.yang in C:\Users\zeng.yang\Desktop\demo)
2021-09-16 15:50:23.341 INFO  10816 --- [restartedMain] com.example.demo.DemoApplication - No active profile set, falling back to default profiles: default
2021-09-16 15:50:23.477 INFO  10816 --- [restartedMain] o.s.boot.devtools.restart.ChangeableUrls - The Class-Path manifest attribute in C:\Maven\repository\com\oracle\database\jdbc\ojdbc8\21.1.0.0\ojdbc8-21.1.0.0.jar referenced one or more files that do not exist: file:/C:/Maven/repository/com/oracle/database/jdbc/ojdbc8/21.1.0.0/oraclepki.jar
2021-09-16 15:50:23.477 INFO  10816 --- [restartedMain] o.s.b.d.env.DevToolsPropertyDefaultsPostProcessor - Devtools property defaults active! Set 'spring.devtools.add-properties' to 'false' to disable
2021-09-16 15:50:23.478 INFO  10816 --- [restartedMain] o.s.b.d.env.DevToolsPropertyDefaultsPostProcessor - For additional web related logging consider setting the 'logging.level.web' property to 'DEBUG'
2021-09-16 15:50:24.920 INFO  10816 --- [restartedMain] o.s.d.r.config.RepositoryConfigurationDelegate - Multiple Spring Data modules found, entering strict repository configuration mode!
2021-09-16 15:50:24.924 INFO  10816 --- [restartedMain] o.s.d.r.config.RepositoryConfigurationDelegate - Bootstrapping Spring Data MongoDB repositories in DEFAULT mode.
2021-09-16 15:50:24.961 INFO  10816 --- [restartedMain] o.s.d.r.config.RepositoryConfigurationDelegate - Finished Spring Data repository scanning in 29 ms. Found 0 MongoDB repository interfaces.
2021-09-16 15:50:24.986 INFO  10816 --- [restartedMain] o.s.d.r.config.RepositoryConfigurationDelegate - Multiple Spring Data modules found, entering strict repository configuration mode!
2021-09-16 15:50:24.988 INFO  10816 --- [restartedMain] o.s.d.r.config.RepositoryConfigurationDelegate - Bootstrapping Spring Data Redis repositories in DEFAULT mode.
2021-09-16 15:50:25.021 INFO  10816 --- [restartedMain] o.s.d.r.config.RepositoryConfigurationDelegate - Finished Spring Data repository scanning in 16 ms. Found 0 Redis repository interfaces.
2021-09-16 15:50:26.525 INFO  10816 --- [restartedMain] o.s.boot.web.embedded.tomcat.TomcatWebServer - Tomcat initialized with port(s): 8081 (http)
2021-09-16 15:50:26.543 INFO  10816 --- [restartedMain] org.apache.coyote.http11.Http11NioProtocol - Initializing ProtocolHandler ["http-nio-8081"]
2021-09-16 15:50:26.544 INFO  10816 --- [restartedMain] org.apache.catalina.core.StandardService - Starting service [Tomcat]
2021-09-16 15:50:26.545 INFO  10816 --- [restartedMain] org.apache.catalina.core.StandardEngine - Starting Servlet engine: [Apache Tomcat/9.0.52]
2021-09-16 15:50:26.790 INFO  10816 --- [restartedMain] o.a.c.core.ContainerBase.[Tomcat].[localhost].[/] - Initializing Spring embedded WebApplicationContext
2021-09-16 15:50:26.791 INFO  10816 --- [restartedMain] o.s.b.w.s.c.ServletWebServerApplicationContext - Root WebApplicationContext: initialization completed in 3312 ms
2021-09-16 15:50:28.447 INFO  10816 --- [restartedMain] org.mongodb.driver.cluster - Cluster created with settings {hosts=[localhost:27017], mode=SINGLE, requiredClusterType=UNKNOWN, serverSelectionTimeout='30000 ms'}
2021-09-16 15:50:29.084 INFO  10816 --- [restartedMain] o.s.b.d.autoconfigure.OptionalLiveReloadServer - LiveReload server is running on port 35729
2021-09-16 15:50:29.104 INFO  10816 --- [restartedMain] org.apache.coyote.http11.Http11NioProtocol - Starting ProtocolHandler ["http-nio-8081"]
2021-09-16 15:50:29.136 INFO  10816 --- [restartedMain] o.s.boot.web.embedded.tomcat.TomcatWebServer - Tomcat started on port(s): 8081 (http) with context path ''
2021-09-16 15:50:29.163 INFO  10816 --- [restartedMain] com.example.demo.DemoApplication - Started DemoApplication in 6.701 seconds (JVM running for 8.201)
2021-09-16 15:50:29.535 INFO  10816 --- [cluster-ClusterId{value='6142f74447af722c6252a739', description='null'}-localhost:27017] org.mongodb.driver.cluster - Exception in monitor thread while connecting to server localhost:27017
com.mongodb.MongoSocketOpenException: Exception opening socket
	at com.mongodb.internal.connection.SocketStream.open(SocketStream.java:70)
	at com.mongodb.internal.connection.InternalStreamConnection.open(InternalStreamConnection.java:143)
	at com.mongodb.internal.connection.DefaultServerMonitor$ServerMonitorRunnable.lookupServerDescription(DefaultServerMonitor.java:188)
	at com.mongodb.internal.connection.DefaultServerMonitor$ServerMonitorRunnable.run(DefaultServerMonitor.java:144)
	at java.lang.Thread.run(Thread.java:748)
Caused by: java.net.ConnectException: Connection refused: connect
	at java.net.DualStackPlainSocketImpl.waitForConnect(Native Method)
	at java.net.DualStackPlainSocketImpl.socketConnect(DualStackPlainSocketImpl.java:85)
	at java.net.AbstractPlainSocketImpl.doConnect(AbstractPlainSocketImpl.java:350)
	at java.net.AbstractPlainSocketImpl.connectToAddress(AbstractPlainSocketImpl.java:206)
	at java.net.AbstractPlainSocketImpl.connect(AbstractPlainSocketImpl.java:188)
	at java.net.PlainSocketImpl.connect(PlainSocketImpl.java:172)
	at java.net.SocksSocketImpl.connect(SocksSocketImpl.java:392)
	at java.net.Socket.connect(Socket.java:606)
	at com.mongodb.internal.connection.SocketStreamHelper.initialize(SocketStreamHelper.java:107)
	at com.mongodb.internal.connection.SocketStream.initializeSocket(SocketStream.java:79)
	at com.mongodb.internal.connection.SocketStream.open(SocketStream.java:65)
	... 4 common frames omitted
2021-09-16 15:59:00.808 INFO  10816 --- [http-nio-8081-exec-1] com.example.demo.handle.MyListener - session id为：null
2021-09-16 15:59:00.811 INFO  10816 --- [http-nio-8081-exec-1] com.example.demo.handle.MyListener - request url为：http://localhost:8081/api/find
2021-09-16 15:59:00.820 INFO  10816 --- [http-nio-8081-exec-1] o.a.c.core.ContainerBase.[Tomcat].[localhost].[/] - Initializing Spring DispatcherServlet 'dispatcherServlet'
2021-09-16 15:59:00.821 INFO  10816 --- [http-nio-8081-exec-1] org.springframework.web.servlet.DispatcherServlet - Initializing Servlet 'dispatcherServlet'
2021-09-16 15:59:00.822 INFO  10816 --- [http-nio-8081-exec-1] org.springframework.web.servlet.DispatcherServlet - Completed initialization in 1 ms
2021-09-16 15:59:01.103 INFO  10816 --- [http-nio-8081-exec-1] com.alibaba.druid.pool.DruidDataSource - {dataSource-1} inited
2021-09-16 15:59:01.688 INFO  10816 --- [http-nio-8081-exec-1] com.example.demo.handle.MyListener - request end
2021-09-16 15:59:01.689 INFO  10816 --- [http-nio-8081-exec-1] com.example.demo.handle.MyListener - request域中保存的name值为：杨增
